<?xml version="1.0" encoding="UTF-8"?>
<!-- Generated by org.testng.reporters.JUnitXMLReporter -->
<testsuite ignored="0" hostname="BTPL011" failures="0" tests="7" name="Default test" time="1608.956" errors="0" timestamp="2026-08-18T16:49:20 IST">
  <testcase classname="Bytzsoft.ClientLoginTestNG" name="testClientLogin1" time="9.024"/>
  <testcase classname="Bytzsoft.ClientLoginTestNG" name="testClientLogin1" time="22.021"/>
  <testcase classname="Bytzsoft.ClientLoginTestNG" name="testClientLogin1" time="708.096"/>
  <testcase classname="Bytzsoft.ClientLoginTestNG" name="testClientLogin1" time="33.853"/>
  <testcase classname="Bytzsoft.ClientLoginTestNG" name="testClientLogin1" time="20.605"/>
  <testcase classname="Bytzsoft.ClientLoginTestNG" name="testClientLogin1" time="113.324"/>
  <testcase classname="Bytzsoft.ClientLoginTestNG" name="testClientLogin1" time="18.039"/>
</testsuite> <!-- Default test -->
