<?xml version="1.0" encoding="UTF-8"?>
<testng-results ignored="0" total="1" passed="1" failed="0" skipped="0">
  <reporter-output>
  </reporter-output>
  <suite started-at="2026-08-13T14:09:33 IST" name="Default suite" finished-at="2026-08-13T14:09:39 IST" duration-ms="6281">
    <groups>
    </groups>
    <test started-at="2026-08-13T14:09:33 IST" name="Default test" finished-at="2026-08-13T14:09:39 IST" duration-ms="6281">
      <class name="Bytzsoft.ACMLogin">
        <test-method is-config="true" signature="setup()[pri:0, instance:Bytzsoft.ACMLogin@6c284af]" started-at="2026-08-13T14:09:33 IST" name="setup" finished-at="2026-08-13T14:09:38 IST" duration-ms="5022" status="PASS">
          <reporter-output>
          </reporter-output>
        </test-method> <!-- setup -->
        <test-method signature="verifyLoginPageIsOpen()[pri:0, instance:Bytzsoft.ACMLogin@6c284af]" started-at="2026-08-13T14:09:38 IST" name="verifyLoginPageIsOpen" finished-at="2026-08-13T14:09:39 IST" duration-ms="977" status="PASS">
          <reporter-output>
          </reporter-output>
        </test-method> <!-- verifyLoginPageIsOpen -->
        <test-method is-config="true" signature="tearDown()[pri:0, instance:Bytzsoft.ACMLogin@6c284af]" started-at="2026-08-13T14:09:39 IST" name="tearDown" finished-at="2026-08-13T14:09:39 IST" duration-ms="239" status="PASS">
          <reporter-output>
          </reporter-output>
        </test-method> <!-- tearDown -->
      </class> <!-- Bytzsoft.ACMLogin -->
    </test> <!-- Default test -->
  </suite> <!-- Default suite -->
</testng-results>
