<?xml version="1.0" encoding="UTF-8"?>
<testng-results ignored="0" total="7" passed="7" failed="0" skipped="0">
  <reporter-output>
  </reporter-output>
  <suite started-at="2026-08-18T16:22:31 IST" name="Default suite" finished-at="2026-08-18T16:49:20 IST" duration-ms="1608956">
    <groups>
    </groups>
    <test started-at="2026-08-18T16:22:31 IST" name="Default test" finished-at="2026-08-18T16:49:20 IST" duration-ms="1608956">
      <class name="Bytzsoft.ClientLoginTestNG">
        <test-method is-config="true" signature="setup()[pri:0, instance:Bytzsoft.ClientLoginTestNG@359df09a]" started-at="2026-08-18T16:22:32 IST" name="setup" finished-at="2026-08-18T16:33:53 IST" duration-ms="681555" status="PASS">
          <reporter-output>
          </reporter-output>
        </test-method> <!-- setup -->
        <test-method signature="testClientLogin1(java.lang.String)[pri:0, instance:Bytzsoft.ClientLoginTestNG@359df09a]" started-at="2026-08-18T16:33:53 IST" name="testClientLogin1" data-provider="clientUrls" finished-at="2026-08-18T16:34:02 IST" duration-ms="9024" status="PASS">
          <params>
            <param index="0">
              <value>
                <![CDATA[https://www.bytzsoft.net/CrewRostering]]>
              </value>
            </param>
          </params>
          <reporter-output>
          </reporter-output>
        </test-method> <!-- testClientLogin1 -->
        <test-method signature="testClientLogin1(java.lang.String)[pri:0, instance:Bytzsoft.ClientLoginTestNG@359df09a]" started-at="2026-08-18T16:34:02 IST" name="testClientLogin1" data-provider="clientUrls" finished-at="2026-08-18T16:34:24 IST" duration-ms="22021" status="PASS">
          <params>
            <param index="0">
              <value>
                <![CDATA[https://bytzsoft.net/CrewRosteringAPP/login.aspx]]>
              </value>
            </param>
          </params>
          <reporter-output>
          </reporter-output>
        </test-method> <!-- testClientLogin1 -->
        <test-method signature="testClientLogin1(java.lang.String)[pri:0, instance:Bytzsoft.ClientLoginTestNG@359df09a]" started-at="2026-08-18T16:34:24 IST" name="testClientLogin1" data-provider="clientUrls" finished-at="2026-08-18T16:46:12 IST" duration-ms="708096" status="PASS">
          <params>
            <param index="0">
              <value>
                <![CDATA[https://bytzsoft.net/CrewRosteringDMO/login.aspx]]>
              </value>
            </param>
          </params>
          <reporter-output>
          </reporter-output>
        </test-method> <!-- testClientLogin1 -->
        <test-method signature="testClientLogin1(java.lang.String)[pri:0, instance:Bytzsoft.ClientLoginTestNG@359df09a]" started-at="2026-08-18T16:46:12 IST" name="testClientLogin1" data-provider="clientUrls" finished-at="2026-08-18T16:46:46 IST" duration-ms="33853" status="PASS">
          <params>
            <param index="0">
              <value>
                <![CDATA[https://bytzsoft.net/CrewRosteringSYN/login.aspx]]>
              </value>
            </param>
          </params>
          <reporter-output>
          </reporter-output>
        </test-method> <!-- testClientLogin1 -->
        <test-method signature="testClientLogin1(java.lang.String)[pri:0, instance:Bytzsoft.ClientLoginTestNG@359df09a]" started-at="2026-08-18T16:46:46 IST" name="testClientLogin1" data-provider="clientUrls" finished-at="2026-08-18T16:47:07 IST" duration-ms="20605" status="PASS">
          <params>
            <param index="0">
              <value>
                <![CDATA[https://bytzsoft.net/CrewRosteringSVN/login.aspx]]>
              </value>
            </param>
          </params>
          <reporter-output>
          </reporter-output>
        </test-method> <!-- testClientLogin1 -->
        <test-method signature="testClientLogin1(java.lang.String)[pri:0, instance:Bytzsoft.ClientLoginTestNG@359df09a]" started-at="2026-08-18T16:47:07 IST" name="testClientLogin1" data-provider="clientUrls" finished-at="2026-08-18T16:49:00 IST" duration-ms="113324" status="PASS">
          <params>
            <param index="0">
              <value>
                <![CDATA[https://bytzsoft.net/CrewRosteringUSA/login.aspx]]>
              </value>
            </param>
          </params>
          <reporter-output>
          </reporter-output>
        </test-method> <!-- testClientLogin1 -->
        <test-method signature="testClientLogin1(java.lang.String)[pri:0, instance:Bytzsoft.ClientLoginTestNG@359df09a]" started-at="2026-08-18T16:49:00 IST" name="testClientLogin1" data-provider="clientUrls" finished-at="2026-08-18T16:49:18 IST" duration-ms="18039" status="PASS">
          <params>
            <param index="0">
              <value>
                <![CDATA[https://bytzsoft.net/CrewRosteringRCD/login.aspx]]>
              </value>
            </param>
          </params>
          <reporter-output>
          </reporter-output>
        </test-method> <!-- testClientLogin1 -->
        <test-method is-config="true" signature="tearDown()[pri:0, instance:Bytzsoft.ClientLoginTestNG@359df09a]" started-at="2026-08-18T16:49:18 IST" name="tearDown" finished-at="2026-08-18T16:49:20 IST" duration-ms="2168" status="PASS">
          <reporter-output>
          </reporter-output>
        </test-method> <!-- tearDown -->
      </class> <!-- Bytzsoft.ClientLoginTestNG -->
    </test> <!-- Default test -->
  </suite> <!-- Default suite -->
</testng-results>
