<?xml version="1.0" encoding="UTF-8"?>
<!-- Generated by org.testng.reporters.JUnitReportReporter -->
<testsuite hostname="BTPL011" failures="0" tests="15" name="Bytzsoft.ParallelTestNG" time="488.613" errors="0" timestamp="2026-01-07T10:59:15 IST" skipped="0">
  <testcase classname="Bytzsoft.ParallelTestNG" name="testClientLogin" time="39.506"/>
  <testcase classname="Bytzsoft.ParallelTestNG" name="testClientLogin" time="39.497"/>
  <testcase classname="Bytzsoft.ParallelTestNG" name="testClientLogin" time="17.586"/>
  <testcase classname="Bytzsoft.ParallelTestNG" name="testClientLogin" time="39.912"/>
  <testcase classname="Bytzsoft.ParallelTestNG" name="testClientLogin" time="40.263"/>
  <testcase classname="Bytzsoft.ParallelTestNG" name="testClientLogin" time="17.664"/>
  <testcase classname="Bytzsoft.ParallelTestNG" name="testClientLogin" time="40.590"/>
  <testcase classname="Bytzsoft.ParallelTestNG" name="testClientLogin" time="39.640"/>
  <testcase classname="Bytzsoft.ParallelTestNG" name="testClientLogin" time="18.146"/>
  <testcase classname="Bytzsoft.ParallelTestNG" name="testClientLogin" time="39.506"/>
  <testcase classname="Bytzsoft.ParallelTestNG" name="testClientLogin" time="18.299"/>
  <testcase classname="Bytzsoft.ParallelTestNG" name="testClientLogin" time="39.590"/>
  <testcase classname="Bytzsoft.ParallelTestNG" name="testClientLogin" time="39.777"/>
  <testcase classname="Bytzsoft.ParallelTestNG" name="testClientLogin" time="19.027"/>
  <testcase classname="Bytzsoft.ParallelTestNG" name="testClientLogin" time="39.610"/>
</testsuite> <!-- Bytzsoft.ParallelTestNG -->
