<?xml version="1.0" encoding="UTF-8"?>
<!-- Generated by org.testng.reporters.JUnitReportReporter -->
<testsuite hostname="BTPL011" failures="0" tests="9" name="Bytzsoft.CRSExcelURL" time="3.452" errors="0" timestamp="2026-08-17T16:34:49 IST" skipped="0">
  <testcase classname="Bytzsoft.CRSExcelURL" name="testClientLogin1" time="0.006"/>
  <testcase classname="Bytzsoft.CRSExcelURL" name="testClientLogin1" time="3.263"/>
  <testcase classname="Bytzsoft.CRSExcelURL" name="testClientLogin1" time="0.007"/>
  <testcase classname="Bytzsoft.CRSExcelURL" name="testClientLogin1" time="0.004"/>
  <testcase classname="Bytzsoft.CRSExcelURL" name="testClientLogin1" time="0.005"/>
  <testcase classname="Bytzsoft.CRSExcelURL" name="testClientLogin1" time="0.006"/>
  <testcase classname="Bytzsoft.CRSExcelURL" name="testClientLogin1" time="0.005"/>
  <testcase classname="Bytzsoft.CRSExcelURL" name="testClientLogin1" time="0.150"/>
  <testcase classname="Bytzsoft.CRSExcelURL" name="testClientLogin1" time="0.006"/>
</testsuite> <!-- Bytzsoft.CRSExcelURL -->
