<?xml version="1.0" encoding="UTF-8"?>
<!-- Generated by org.testng.reporters.JUnitReportReporter -->
<testsuite hostname="BTPL011" failures="0" tests="12" name="Bytzsoft.ClientLoginTestNG" time="334.933" errors="0" timestamp="2026-06-03T14:08:24 IST" skipped="0">
  <testcase classname="Bytzsoft.ClientLoginTestNG" name="testClientLogin1" time="69.431"/>
  <testcase classname="Bytzsoft.ClientLoginTestNG" name="testClientLogin1" time="41.043"/>
  <testcase classname="Bytzsoft.ClientLoginTestNG" name="testClientLogin1" time="55.463"/>
  <testcase classname="Bytzsoft.ClientLoginTestNG" name="testClientLogin1" time="10.848"/>
  <testcase classname="Bytzsoft.ClientLoginTestNG" name="testClientLogin1" time="53.167"/>
  <testcase classname="Bytzsoft.ClientLoginTestNG" name="testClientLogin1" time="9.665"/>
  <testcase classname="Bytzsoft.ClientLoginTestNG" name="testClientLogin1" time="8.614"/>
  <testcase classname="Bytzsoft.ClientLoginTestNG" name="testClientLogin1" time="13.149"/>
  <testcase classname="Bytzsoft.ClientLoginTestNG" name="testClientLogin1" time="44.786"/>
  <testcase classname="Bytzsoft.ClientLoginTestNG" name="testClientLogin1" time="9.523"/>
  <testcase classname="Bytzsoft.ClientLoginTestNG" name="testClientLogin1" time="10.267"/>
  <testcase classname="Bytzsoft.ClientLoginTestNG" name="testClientLogin1" time="8.977"/>
</testsuite> <!-- Bytzsoft.ClientLoginTestNG -->
