<?xml version="1.0" encoding="UTF-8"?>
<!-- Generated by org.testng.reporters.JUnitReportReporter -->
<testsuite hostname="BTPL011" failures="0" tests="7" name="Bytzsoft.ClientLoginTestNG" time="924.962" errors="0" timestamp="2026-08-18T16:49:21 IST" skipped="0">
  <testcase classname="Bytzsoft.ClientLoginTestNG" name="testClientLogin1" time="113.324"/>
  <testcase classname="Bytzsoft.ClientLoginTestNG" name="testClientLogin1" time="9.024"/>
  <testcase classname="Bytzsoft.ClientLoginTestNG" name="testClientLogin1" time="708.096"/>
  <testcase classname="Bytzsoft.ClientLoginTestNG" name="testClientLogin1" time="18.039"/>
  <testcase classname="Bytzsoft.ClientLoginTestNG" name="testClientLogin1" time="22.021"/>
  <testcase classname="Bytzsoft.ClientLoginTestNG" name="testClientLogin1" time="20.605"/>
  <testcase classname="Bytzsoft.ClientLoginTestNG" name="testClientLogin1" time="33.853"/>
</testsuite> <!-- Bytzsoft.ClientLoginTestNG -->
